<?xml version="1.0" encoding="UTF-8"?>
<!-- Generated by org.testng.reporters.JUnitXMLReporter -->
<testsuite hostname="WINDOWS-FH09OQ3" ignored="0" name="Default test" tests="8" failures="0" timestamp="2022-03-12T18:29:17 UYT" time="29.934" errors="0">
  <testcase name="addBook" time="4.911" classname="libraryAPITests.DynamicJson"/>
  <testcase name="addBook" time="1.853" classname="libraryAPITests.DynamicJson"/>
  <testcase name="addBook" time="1.832" classname="libraryAPITests.DynamicJson"/>
  <testcase name="addBookUsingHashMapAsPayload" time="2.321" classname="libraryAPITests.DynamicJson"/>
  <testcase name="addBookUsingHashMapAsPayload" time="1.767" classname="libraryAPITests.DynamicJson"/>
  <testcase name="addBookUsingHashMapAsPayload" time="1.814" classname="libraryAPITests.DynamicJson"/>
  <testcase name="addBookUsingHashMapFromExcelAsPayload" time="2.669" classname="libraryAPITests.DynamicJson"/>
  <testcase name="deleteBook" time="12.701" classname="libraryAPITests.DynamicJson"/>
</testsuite> <!-- Default test -->
