<?xml version="1.0" encoding="UTF-8"?>
<!-- Generated by org.testng.reporters.JUnitXMLReporter -->
<testsuite hostname="WINDOWS-FH09OQ3" ignored="0" name="Default test" tests="7" failures="0" timestamp="2022-03-12T18:01:27 UYT" time="25.293" errors="0">
  <testcase name="addBook" time="4.698" classname="libraryAPITests.DynamicJson"/>
  <testcase name="addBook" time="1.843" classname="libraryAPITests.DynamicJson"/>
  <testcase name="addBook" time="1.849" classname="libraryAPITests.DynamicJson"/>
  <testcase name="addBookUsingHashMapAsPayload" time="2.107" classname="libraryAPITests.DynamicJson"/>
  <testcase name="addBookUsingHashMapAsPayload" time="1.808" classname="libraryAPITests.DynamicJson"/>
  <testcase name="addBookUsingHashMapAsPayload" time="1.815" classname="libraryAPITests.DynamicJson"/>
  <testcase name="deleteBook" time="11.105" classname="libraryAPITests.DynamicJson"/>
</testsuite> <!-- Default test -->
