<?xml version="1.0" encoding="UTF-8"?>
<testng-results skipped="0" failed="0" ignored="0" total="7" passed="7">
  <reporter-output>
  </reporter-output>
  <suite name="Default suite" duration-ms="25293" started-at="2022-03-12T18:01:02 UYT" finished-at="2022-03-12T18:01:27 UYT">
    <groups>
    </groups>
    <test name="Default test" duration-ms="25293" started-at="2022-03-12T18:01:02 UYT" finished-at="2022-03-12T18:01:27 UYT">
      <class name="libraryAPITests.DynamicJson">
        <test-method status="PASS" signature="addBook(java.lang.String,int)[pri:0, instance:libraryAPITests.DynamicJson@3e57cd70]" name="addBook" duration-ms="4698" started-at="2022-03-12T18:01:02 UYT" data-provider="BooksData" finished-at="2022-03-12T18:01:06 UYT">
          <params>
            <param index="0">
              <value>
                <![CDATA[qwxnosapio]]>
              </value>
            </param>
            <param index="1">
              <value>
                <![CDATA[9622]]>
              </value>
            </param>
          </params>
          <reporter-output>
          </reporter-output>
        </test-method> <!-- addBook -->
        <test-method status="PASS" signature="addBook(java.lang.String,int)[pri:0, instance:libraryAPITests.DynamicJson@3e57cd70]" name="addBook" duration-ms="1843" started-at="2022-03-12T18:01:06 UYT" data-provider="BooksData" finished-at="2022-03-12T18:01:08 UYT">
          <params>
            <param index="0">
              <value>
                <![CDATA[vciehpvwff]]>
              </value>
            </param>
            <param index="1">
              <value>
                <![CDATA[966]]>
              </value>
            </param>
          </params>
          <reporter-output>
          </reporter-output>
        </test-method> <!-- addBook -->
        <test-method status="PASS" signature="addBook(java.lang.String,int)[pri:0, instance:libraryAPITests.DynamicJson@3e57cd70]" name="addBook" duration-ms="1849" started-at="2022-03-12T18:01:08 UYT" data-provider="BooksData" finished-at="2022-03-12T18:01:10 UYT">
          <params>
            <param index="0">
              <value>
                <![CDATA[umeydgdcqd]]>
              </value>
            </param>
            <param index="1">
              <value>
                <![CDATA[7921]]>
              </value>
            </param>
          </params>
          <reporter-output>
          </reporter-output>
        </test-method> <!-- addBook -->
        <test-method status="PASS" signature="addBookUsingHashMapAsPayload(java.lang.String,int)[pri:0, instance:libraryAPITests.DynamicJson@3e57cd70]" name="addBookUsingHashMapAsPayload" duration-ms="2107" started-at="2022-03-12T18:01:10 UYT" data-provider="BooksData" finished-at="2022-03-12T18:01:12 UYT">
          <params>
            <param index="0">
              <value>
                <![CDATA[urpvfzavaj]]>
              </value>
            </param>
            <param index="1">
              <value>
                <![CDATA[9906]]>
              </value>
            </param>
          </params>
          <reporter-output>
          </reporter-output>
        </test-method> <!-- addBookUsingHashMapAsPayload -->
        <test-method status="PASS" signature="addBookUsingHashMapAsPayload(java.lang.String,int)[pri:0, instance:libraryAPITests.DynamicJson@3e57cd70]" name="addBookUsingHashMapAsPayload" duration-ms="1808" started-at="2022-03-12T18:01:12 UYT" data-provider="BooksData" finished-at="2022-03-12T18:01:14 UYT">
          <params>
            <param index="0">
              <value>
                <![CDATA[npjqyvasme]]>
              </value>
            </param>
            <param index="1">
              <value>
                <![CDATA[3349]]>
              </value>
            </param>
          </params>
          <reporter-output>
          </reporter-output>
        </test-method> <!-- addBookUsingHashMapAsPayload -->
        <test-method status="PASS" signature="addBookUsingHashMapAsPayload(java.lang.String,int)[pri:0, instance:libraryAPITests.DynamicJson@3e57cd70]" name="addBookUsingHashMapAsPayload" duration-ms="1815" started-at="2022-03-12T18:01:14 UYT" data-provider="BooksData" finished-at="2022-03-12T18:01:16 UYT">
          <params>
            <param index="0">
              <value>
                <![CDATA[kuswbwkiui]]>
              </value>
            </param>
            <param index="1">
              <value>
                <![CDATA[703]]>
              </value>
            </param>
          </params>
          <reporter-output>
          </reporter-output>
        </test-method> <!-- addBookUsingHashMapAsPayload -->
        <test-method status="PASS" signature="deleteBook()[pri:0, instance:libraryAPITests.DynamicJson@3e57cd70]" name="deleteBook" duration-ms="11105" started-at="2022-03-12T18:01:16 UYT" finished-at="2022-03-12T18:01:27 UYT">
          <reporter-output>
          </reporter-output>
        </test-method> <!-- deleteBook -->
      </class> <!-- libraryAPITests.DynamicJson -->
    </test> <!-- Default test -->
  </suite> <!-- Default suite -->
</testng-results>
