<?xml version="1.0" encoding="UTF-8"?>
<testng-results skipped="0" failed="0" ignored="0" total="8" passed="8">
  <reporter-output>
  </reporter-output>
  <suite name="Default suite" duration-ms="29934" started-at="2022-03-12T18:28:47 UYT" finished-at="2022-03-12T18:29:17 UYT">
    <groups>
    </groups>
    <test name="Default test" duration-ms="29934" started-at="2022-03-12T18:28:47 UYT" finished-at="2022-03-12T18:29:17 UYT">
      <class name="libraryAPITests.DynamicJson">
        <test-method status="PASS" signature="addBook(java.lang.String,int)[pri:0, instance:libraryAPITests.DynamicJson@3e57cd70]" name="addBook" duration-ms="4911" started-at="2022-03-12T18:28:47 UYT" data-provider="BooksData" finished-at="2022-03-12T18:28:52 UYT">
          <params>
            <param index="0">
              <value>
                <![CDATA[yoantlrdzx]]>
              </value>
            </param>
            <param index="1">
              <value>
                <![CDATA[604]]>
              </value>
            </param>
          </params>
          <reporter-output>
          </reporter-output>
        </test-method> <!-- addBook -->
        <test-method status="PASS" signature="addBook(java.lang.String,int)[pri:0, instance:libraryAPITests.DynamicJson@3e57cd70]" name="addBook" duration-ms="1853" started-at="2022-03-12T18:28:52 UYT" data-provider="BooksData" finished-at="2022-03-12T18:28:54 UYT">
          <params>
            <param index="0">
              <value>
                <![CDATA[wdsinscgaj]]>
              </value>
            </param>
            <param index="1">
              <value>
                <![CDATA[4369]]>
              </value>
            </param>
          </params>
          <reporter-output>
          </reporter-output>
        </test-method> <!-- addBook -->
        <test-method status="PASS" signature="addBook(java.lang.String,int)[pri:0, instance:libraryAPITests.DynamicJson@3e57cd70]" name="addBook" duration-ms="1832" started-at="2022-03-12T18:28:54 UYT" data-provider="BooksData" finished-at="2022-03-12T18:28:56 UYT">
          <params>
            <param index="0">
              <value>
                <![CDATA[oglawsqbvx]]>
              </value>
            </param>
            <param index="1">
              <value>
                <![CDATA[2358]]>
              </value>
            </param>
          </params>
          <reporter-output>
          </reporter-output>
        </test-method> <!-- addBook -->
        <test-method status="PASS" signature="addBookUsingHashMapAsPayload(java.lang.String,int)[pri:0, instance:libraryAPITests.DynamicJson@3e57cd70]" name="addBookUsingHashMapAsPayload" duration-ms="2321" started-at="2022-03-12T18:28:56 UYT" data-provider="BooksData" finished-at="2022-03-12T18:28:58 UYT">
          <params>
            <param index="0">
              <value>
                <![CDATA[tnsiogrqau]]>
              </value>
            </param>
            <param index="1">
              <value>
                <![CDATA[3142]]>
              </value>
            </param>
          </params>
          <reporter-output>
          </reporter-output>
        </test-method> <!-- addBookUsingHashMapAsPayload -->
        <test-method status="PASS" signature="addBookUsingHashMapAsPayload(java.lang.String,int)[pri:0, instance:libraryAPITests.DynamicJson@3e57cd70]" name="addBookUsingHashMapAsPayload" duration-ms="1767" started-at="2022-03-12T18:28:58 UYT" data-provider="BooksData" finished-at="2022-03-12T18:29:00 UYT">
          <params>
            <param index="0">
              <value>
                <![CDATA[vozyhcxhgp]]>
              </value>
            </param>
            <param index="1">
              <value>
                <![CDATA[7252]]>
              </value>
            </param>
          </params>
          <reporter-output>
          </reporter-output>
        </test-method> <!-- addBookUsingHashMapAsPayload -->
        <test-method status="PASS" signature="addBookUsingHashMapAsPayload(java.lang.String,int)[pri:0, instance:libraryAPITests.DynamicJson@3e57cd70]" name="addBookUsingHashMapAsPayload" duration-ms="1814" started-at="2022-03-12T18:29:00 UYT" data-provider="BooksData" finished-at="2022-03-12T18:29:02 UYT">
          <params>
            <param index="0">
              <value>
                <![CDATA[ainloaolsi]]>
              </value>
            </param>
            <param index="1">
              <value>
                <![CDATA[2518]]>
              </value>
            </param>
          </params>
          <reporter-output>
          </reporter-output>
        </test-method> <!-- addBookUsingHashMapAsPayload -->
        <test-method status="PASS" signature="addBookUsingHashMapFromExcelAsPayload()[pri:0, instance:libraryAPITests.DynamicJson@3e57cd70]" name="addBookUsingHashMapFromExcelAsPayload" duration-ms="2669" started-at="2022-03-12T18:29:02 UYT" finished-at="2022-03-12T18:29:04 UYT">
          <reporter-output>
          </reporter-output>
        </test-method> <!-- addBookUsingHashMapFromExcelAsPayload -->
        <test-method status="PASS" signature="deleteBook()[pri:0, instance:libraryAPITests.DynamicJson@3e57cd70]" name="deleteBook" duration-ms="12701" started-at="2022-03-12T18:29:04 UYT" finished-at="2022-03-12T18:29:17 UYT">
          <reporter-output>
          </reporter-output>
        </test-method> <!-- deleteBook -->
      </class> <!-- libraryAPITests.DynamicJson -->
    </test> <!-- Default test -->
  </suite> <!-- Default suite -->
</testng-results>
